<?xml version="1.0" encoding="UTF-8"?>
<testsuite name="mypage 요청 성공 시 유저 데이터를 반환한다." tests="4" skipped="0" failures="0" errors="0" timestamp="2023-11-06T15:13:02" hostname="DESKTOP-3GO7G9K" time="0.086">
  <properties/>
  <testcase name="유저가 생성한 투표의 개수를 센다" classname="com.kakao.golajuma.auth.domain.service.ReadUserProfileServiceTest$success_read_user_profile" time="0.078"/>
  <testcase name="dto에 맞는 형태로 데이터를 삽입한다." classname="com.kakao.golajuma.auth.domain.service.ReadUserProfileServiceTest$success_read_user_profile" time="0.004"/>
  <testcase name="유저가 참가한 투표의 개수를 센다" classname="com.kakao.golajuma.auth.domain.service.ReadUserProfileServiceTest$success_read_user_profile" time="0.001"/>
  <testcase name="유저의 데이터를 가져온다." classname="com.kakao.golajuma.auth.domain.service.ReadUserProfileServiceTest$success_read_user_profile" time="0.002"/>
  <system-out><![CDATA[]]></system-out>
  <system-err><![CDATA[]]></system-err>
</testsuite>
