<?xml version="1.0" encoding="UTF-8"?>
<testsuite name="핫게시판 요청 성공 시 이전 1시간 동안 투표 수가 가장 많은 순서로 리스트를 반환한다." tests="2" skipped="0" failures="0" errors="0" timestamp="2023-11-06T15:13:06" hostname="DESKTOP-3GO7G9K" time="0.013">
  <properties/>
  <testcase name="현재 시각으로부터 1시간 전 동안에 해당하는 시간을 계산한다." classname="com.kakao.golajuma.vote.domain.service.GetHotVoteListServiceTest$success_get_hot_vote_service" time="0.01"/>
  <testcase name="가져온 엔티티 리스트를 dto리스트로 변환한다." classname="com.kakao.golajuma.vote.domain.service.GetHotVoteListServiceTest$success_get_hot_vote_service" time="0.002"/>
  <system-out><![CDATA[]]></system-out>
  <system-err><![CDATA[]]></system-err>
</testsuite>
