<?xml version="1.0" encoding="UTF-8"?>
<testsuite name="com.kakao.golajuma.comment.api.CreateCommentApiTest" tests="1" skipped="0" failures="0" errors="0" timestamp="2023-11-06T15:13:03" hostname="DESKTOP-3GO7G9K" time="0.216">
  <properties/>
  <testcase name="유저는 댓글을 작성하는데 성공한다." classname="com.kakao.golajuma.comment.api.CreateCommentApiTest" time="0.216"/>
  <system-out><![CDATA[2023-11-07 00:13:03.006  INFO 13256 --- [    Test worker] .b.t.c.SpringBootTestContextBootstrapper : Neither @ContextConfiguration nor @ContextHierarchy found for test class [com.kakao.golajuma.comment.api.CreateCommentApiTest], using SpringBootContextLoader
2023-11-07 00:13:03.007  INFO 13256 --- [    Test worker] o.s.t.c.support.AbstractContextLoader    : Could not detect default resource locations for test class [com.kakao.golajuma.comment.api.CreateCommentApiTest]: no resource found for suffixes {-context.xml, Context.groovy}.
2023-11-07 00:13:03.007  INFO 13256 --- [    Test worker] t.c.s.AnnotationConfigContextLoaderUtils : Could not detect default configuration classes for test class [com.kakao.golajuma.comment.api.CreateCommentApiTest]: CreateCommentApiTest does not declare any static, non-private, non-final, nested classes annotated with @Configuration.
2023-11-07 00:13:03.021  INFO 13256 --- [    Test worker] .b.t.c.SpringBootTestContextBootstrapper : Found @SpringBootConfiguration com.kakao.golajuma.GolajumaApplication for test class com.kakao.golajuma.comment.api.CreateCommentApiTest
2023-11-07 00:13:03.024  INFO 13256 --- [    Test worker] .b.t.c.SpringBootTestContextBootstrapper : Loaded default TestExecutionListener class names from location [META-INF/spring.factories]: [org.springframework.boot.test.autoconfigure.restdocs.RestDocsTestExecutionListener, org.springframework.boot.test.autoconfigure.web.client.MockRestServiceServerResetTestExecutionListener, org.springframework.boot.test.autoconfigure.web.servlet.MockMvcPrintOnlyOnFailureTestExecutionListener, org.springframework.boot.test.autoconfigure.web.servlet.WebDriverTestExecutionListener, org.springframework.boot.test.autoconfigure.webservices.client.MockWebServiceServerTestExecutionListener, org.springframework.boot.test.mock.mockito.MockitoTestExecutionListener, org.springframework.boot.test.mock.mockito.ResetMocksTestExecutionListener, org.springframework.test.context.web.ServletTestExecutionListener, org.springframework.test.context.support.DirtiesContextBeforeModesTestExecutionListener, org.springframework.test.context.event.ApplicationEventsTestExecutionListener, org.springframework.test.context.support.DependencyInjectionTestExecutionListener, org.springframework.test.context.support.DirtiesContextTestExecutionListener, org.springframework.test.context.transaction.TransactionalTestExecutionListener, org.springframework.test.context.jdbc.SqlScriptsTestExecutionListener, org.springframework.test.context.event.EventPublishingTestExecutionListener]
2023-11-07 00:13:03.024  INFO 13256 --- [    Test worker] .b.t.c.SpringBootTestContextBootstrapper : Using TestExecutionListeners: [org.springframework.test.context.web.ServletTestExecutionListener@537979aa, org.springframework.test.context.support.DirtiesContextBeforeModesTestExecutionListener@5ac25491, org.springframework.test.context.event.ApplicationEventsTestExecutionListener@5b115d71, org.springframework.boot.test.mock.mockito.MockitoTestExecutionListener@4398d, org.springframework.boot.test.autoconfigure.SpringBootDependencyInjectionTestExecutionListener@18a8a40e, org.springframework.test.context.support.DirtiesContextTestExecutionListener@50061d56, org.springframework.test.context.transaction.TransactionalTestExecutionListener@1ad28f2, org.springframework.test.context.jdbc.SqlScriptsTestExecutionListener@2044a11b, org.springframework.test.context.event.EventPublishingTestExecutionListener@7d91e9c9, org.springframework.boot.test.autoconfigure.restdocs.RestDocsTestExecutionListener@1d9db780, org.springframework.boot.test.autoconfigure.web.client.MockRestServiceServerResetTestExecutionListener@759fe679, org.springframework.boot.test.autoconfigure.web.servlet.MockMvcPrintOnlyOnFailureTestExecutionListener@7056cda8, org.springframework.boot.test.autoconfigure.web.servlet.WebDriverTestExecutionListener@2fbbdca, org.springframework.boot.test.autoconfigure.webservices.client.MockWebServiceServerTestExecutionListener@722a2ba2, org.springframework.boot.test.mock.mockito.ResetMocksTestExecutionListener@788cb7b0]
2023-11-07 00:13:03.207 DEBUG 13256 --- [    Test worker] org.hibernate.SQL                        : 
    insert 
    into
        comment
        (created_date, deleted, updated_date, comment_content, comment_user_id, comment_vote_id) 
    values
        (?, ?, ?, ?, ?, ?)
2023-11-07 00:13:03.222 DEBUG 13256 --- [    Test worker] org.hibernate.SQL                        : 
    select
        userentity0_.user_id as user_id1_3_0_,
        userentity0_.created_date as created_2_3_0_,
        userentity0_.deleted as deleted3_3_0_,
        userentity0_.updated_date as updated_4_3_0_,
        userentity0_.user_email as user_ema5_3_0_,
        userentity0_.user_nickname as user_nic6_3_0_,
        userentity0_.user_password as user_pas7_3_0_ 
    from
        user userentity0_ 
    where
        userentity0_.user_id=?
]]></system-out>
  <system-err><![CDATA[]]></system-err>
</testsuite>
