<?xml version="1.0" encoding="UTF-8"?>
<testsuite name="com.kakao.golajuma.comment.api.UpdateCommentApiTest" tests="1" skipped="0" failures="0" errors="0" timestamp="2023-11-06T15:13:03" hostname="DESKTOP-3GO7G9K" time="0.049">
  <properties/>
  <testcase name="유저는 댓글을 업데이트 하는데 성공한다." classname="com.kakao.golajuma.comment.api.UpdateCommentApiTest" time="0.049"/>
  <system-out><![CDATA[2023-11-07 00:13:03.579  INFO 13256 --- [    Test worker] .b.t.c.SpringBootTestContextBootstrapper : Neither @ContextConfiguration nor @ContextHierarchy found for test class [com.kakao.golajuma.comment.api.UpdateCommentApiTest], using SpringBootContextLoader
2023-11-07 00:13:03.581  INFO 13256 --- [    Test worker] o.s.t.c.support.AbstractContextLoader    : Could not detect default resource locations for test class [com.kakao.golajuma.comment.api.UpdateCommentApiTest]: no resource found for suffixes {-context.xml, Context.groovy}.
2023-11-07 00:13:03.581  INFO 13256 --- [    Test worker] t.c.s.AnnotationConfigContextLoaderUtils : Could not detect default configuration classes for test class [com.kakao.golajuma.comment.api.UpdateCommentApiTest]: UpdateCommentApiTest does not declare any static, non-private, non-final, nested classes annotated with @Configuration.
2023-11-07 00:13:03.584  INFO 13256 --- [    Test worker] .b.t.c.SpringBootTestContextBootstrapper : Found @SpringBootConfiguration com.kakao.golajuma.GolajumaApplication for test class com.kakao.golajuma.comment.api.UpdateCommentApiTest
2023-11-07 00:13:03.587  INFO 13256 --- [    Test worker] .b.t.c.SpringBootTestContextBootstrapper : Loaded default TestExecutionListener class names from location [META-INF/spring.factories]: [org.springframework.boot.test.autoconfigure.restdocs.RestDocsTestExecutionListener, org.springframework.boot.test.autoconfigure.web.client.MockRestServiceServerResetTestExecutionListener, org.springframework.boot.test.autoconfigure.web.servlet.MockMvcPrintOnlyOnFailureTestExecutionListener, org.springframework.boot.test.autoconfigure.web.servlet.WebDriverTestExecutionListener, org.springframework.boot.test.autoconfigure.webservices.client.MockWebServiceServerTestExecutionListener, org.springframework.boot.test.mock.mockito.MockitoTestExecutionListener, org.springframework.boot.test.mock.mockito.ResetMocksTestExecutionListener, org.springframework.test.context.web.ServletTestExecutionListener, org.springframework.test.context.support.DirtiesContextBeforeModesTestExecutionListener, org.springframework.test.context.event.ApplicationEventsTestExecutionListener, org.springframework.test.context.support.DependencyInjectionTestExecutionListener, org.springframework.test.context.support.DirtiesContextTestExecutionListener, org.springframework.test.context.transaction.TransactionalTestExecutionListener, org.springframework.test.context.jdbc.SqlScriptsTestExecutionListener, org.springframework.test.context.event.EventPublishingTestExecutionListener]
2023-11-07 00:13:03.587  INFO 13256 --- [    Test worker] .b.t.c.SpringBootTestContextBootstrapper : Using TestExecutionListeners: [org.springframework.test.context.web.ServletTestExecutionListener@441e789e, org.springframework.test.context.support.DirtiesContextBeforeModesTestExecutionListener@74a680d3, org.springframework.test.context.event.ApplicationEventsTestExecutionListener@4cb42a5a, org.springframework.boot.test.mock.mockito.MockitoTestExecutionListener@5a131edc, org.springframework.boot.test.autoconfigure.SpringBootDependencyInjectionTestExecutionListener@6dfe4788, org.springframework.test.context.support.DirtiesContextTestExecutionListener@2d1ef2fc, org.springframework.test.context.transaction.TransactionalTestExecutionListener@4095ebff, org.springframework.test.context.jdbc.SqlScriptsTestExecutionListener@2b2f8cf, org.springframework.test.context.event.EventPublishingTestExecutionListener@1def2d16, org.springframework.boot.test.autoconfigure.restdocs.RestDocsTestExecutionListener@47bcb545, org.springframework.boot.test.autoconfigure.web.client.MockRestServiceServerResetTestExecutionListener@2899745e, org.springframework.boot.test.autoconfigure.web.servlet.MockMvcPrintOnlyOnFailureTestExecutionListener@3df88502, org.springframework.boot.test.autoconfigure.web.servlet.WebDriverTestExecutionListener@591b9836, org.springframework.boot.test.autoconfigure.webservices.client.MockWebServiceServerTestExecutionListener@7b2f18cd, org.springframework.boot.test.mock.mockito.ResetMocksTestExecutionListener@18f7a872]
2023-11-07 00:13:03.595 DEBUG 13256 --- [    Test worker] org.hibernate.SQL                        : 
    select
        commentent0_.comment_id as comment_1_1_,
        commentent0_.created_date as created_2_1_,
        commentent0_.deleted as deleted3_1_,
        commentent0_.updated_date as updated_4_1_,
        commentent0_.comment_content as comment_5_1_,
        commentent0_.comment_user_id as comment_6_1_,
        commentent0_.comment_vote_id as comment_7_1_ 
    from
        comment commentent0_ 
    where
        commentent0_.comment_user_id=? 
        and commentent0_.deleted=0
2023-11-07 00:13:03.619 DEBUG 13256 --- [    Test worker] org.hibernate.SQL                        : 
    select
        commentent0_.comment_id as comment_1_1_,
        commentent0_.created_date as created_2_1_,
        commentent0_.deleted as deleted3_1_,
        commentent0_.updated_date as updated_4_1_,
        commentent0_.comment_content as comment_5_1_,
        commentent0_.comment_user_id as comment_6_1_,
        commentent0_.comment_vote_id as comment_7_1_ 
    from
        comment commentent0_ 
    where
        commentent0_.comment_id=? 
        and commentent0_.deleted=0
2023-11-07 00:13:03.622 DEBUG 13256 --- [    Test worker] org.hibernate.SQL                        : 
    select
        userentity0_.user_id as user_id1_3_0_,
        userentity0_.created_date as created_2_3_0_,
        userentity0_.deleted as deleted3_3_0_,
        userentity0_.updated_date as updated_4_3_0_,
        userentity0_.user_email as user_ema5_3_0_,
        userentity0_.user_nickname as user_nic6_3_0_,
        userentity0_.user_password as user_pas7_3_0_ 
    from
        user userentity0_ 
    where
        userentity0_.user_id=?
2023-11-07 00:13:03.626 DEBUG 13256 --- [    Test worker] org.hibernate.SQL                        : 
    update
        comment 
    set
        deleted=?,
        updated_date=?,
        comment_content=?,
        comment_user_id=?,
        comment_vote_id=? 
    where
        comment_id=?
]]></system-out>
  <system-err><![CDATA[]]></system-err>
</testsuite>
