<?xml version="1.0" encoding="UTF-8"?>
<testsuite name="com.kakao.golajuma.comment.api.DeleteCommentApiTest" tests="1" skipped="0" failures="0" errors="0" timestamp="2023-11-06T15:13:03" hostname="DESKTOP-3GO7G9K" time="0.068">
  <properties/>
  <testcase name="유저는 댓글을 삭제하는데 성공한다." classname="com.kakao.golajuma.comment.api.DeleteCommentApiTest" time="0.068"/>
  <system-out><![CDATA[2023-11-07 00:13:03.345  INFO 13256 --- [    Test worker] .b.t.c.SpringBootTestContextBootstrapper : Neither @ContextConfiguration nor @ContextHierarchy found for test class [com.kakao.golajuma.comment.api.DeleteCommentApiTest], using SpringBootContextLoader
2023-11-07 00:13:03.347  INFO 13256 --- [    Test worker] o.s.t.c.support.AbstractContextLoader    : Could not detect default resource locations for test class [com.kakao.golajuma.comment.api.DeleteCommentApiTest]: no resource found for suffixes {-context.xml, Context.groovy}.
2023-11-07 00:13:03.347  INFO 13256 --- [    Test worker] t.c.s.AnnotationConfigContextLoaderUtils : Could not detect default configuration classes for test class [com.kakao.golajuma.comment.api.DeleteCommentApiTest]: DeleteCommentApiTest does not declare any static, non-private, non-final, nested classes annotated with @Configuration.
2023-11-07 00:13:03.351  INFO 13256 --- [    Test worker] .b.t.c.SpringBootTestContextBootstrapper : Found @SpringBootConfiguration com.kakao.golajuma.GolajumaApplication for test class com.kakao.golajuma.comment.api.DeleteCommentApiTest
2023-11-07 00:13:03.354  INFO 13256 --- [    Test worker] .b.t.c.SpringBootTestContextBootstrapper : Loaded default TestExecutionListener class names from location [META-INF/spring.factories]: [org.springframework.boot.test.autoconfigure.restdocs.RestDocsTestExecutionListener, org.springframework.boot.test.autoconfigure.web.client.MockRestServiceServerResetTestExecutionListener, org.springframework.boot.test.autoconfigure.web.servlet.MockMvcPrintOnlyOnFailureTestExecutionListener, org.springframework.boot.test.autoconfigure.web.servlet.WebDriverTestExecutionListener, org.springframework.boot.test.autoconfigure.webservices.client.MockWebServiceServerTestExecutionListener, org.springframework.boot.test.mock.mockito.MockitoTestExecutionListener, org.springframework.boot.test.mock.mockito.ResetMocksTestExecutionListener, org.springframework.test.context.web.ServletTestExecutionListener, org.springframework.test.context.support.DirtiesContextBeforeModesTestExecutionListener, org.springframework.test.context.event.ApplicationEventsTestExecutionListener, org.springframework.test.context.support.DependencyInjectionTestExecutionListener, org.springframework.test.context.support.DirtiesContextTestExecutionListener, org.springframework.test.context.transaction.TransactionalTestExecutionListener, org.springframework.test.context.jdbc.SqlScriptsTestExecutionListener, org.springframework.test.context.event.EventPublishingTestExecutionListener]
2023-11-07 00:13:03.355  INFO 13256 --- [    Test worker] .b.t.c.SpringBootTestContextBootstrapper : Using TestExecutionListeners: [org.springframework.test.context.web.ServletTestExecutionListener@405a296e, org.springframework.test.context.support.DirtiesContextBeforeModesTestExecutionListener@77198cce, org.springframework.test.context.event.ApplicationEventsTestExecutionListener@e7b7395, org.springframework.boot.test.mock.mockito.MockitoTestExecutionListener@383c94ed, org.springframework.boot.test.autoconfigure.SpringBootDependencyInjectionTestExecutionListener@293ccbdd, org.springframework.test.context.support.DirtiesContextTestExecutionListener@12f85dc8, org.springframework.test.context.transaction.TransactionalTestExecutionListener@474a63d9, org.springframework.test.context.jdbc.SqlScriptsTestExecutionListener@1b8d0c21, org.springframework.test.context.event.EventPublishingTestExecutionListener@54a04eae, org.springframework.boot.test.autoconfigure.restdocs.RestDocsTestExecutionListener@4664fef, org.springframework.boot.test.autoconfigure.web.client.MockRestServiceServerResetTestExecutionListener@1026a011, org.springframework.boot.test.autoconfigure.web.servlet.MockMvcPrintOnlyOnFailureTestExecutionListener@63b95a30, org.springframework.boot.test.autoconfigure.web.servlet.WebDriverTestExecutionListener@353aadd7, org.springframework.boot.test.autoconfigure.webservices.client.MockWebServiceServerTestExecutionListener@39595a8, org.springframework.boot.test.mock.mockito.ResetMocksTestExecutionListener@26169be3]
2023-11-07 00:13:03.376 DEBUG 13256 --- [    Test worker] org.hibernate.SQL                        : 
    select
        commentent0_.comment_id as comment_1_1_,
        commentent0_.created_date as created_2_1_,
        commentent0_.deleted as deleted3_1_,
        commentent0_.updated_date as updated_4_1_,
        commentent0_.comment_content as comment_5_1_,
        commentent0_.comment_user_id as comment_6_1_,
        commentent0_.comment_vote_id as comment_7_1_ 
    from
        comment commentent0_ 
    where
        commentent0_.comment_user_id=? 
        and commentent0_.deleted=0
2023-11-07 00:13:03.395 DEBUG 13256 --- [    Test worker] org.hibernate.SQL                        : 
    select
        commentent0_.comment_id as comment_1_1_,
        commentent0_.created_date as created_2_1_,
        commentent0_.deleted as deleted3_1_,
        commentent0_.updated_date as updated_4_1_,
        commentent0_.comment_content as comment_5_1_,
        commentent0_.comment_user_id as comment_6_1_,
        commentent0_.comment_vote_id as comment_7_1_ 
    from
        comment commentent0_ 
    where
        commentent0_.comment_id=? 
        and commentent0_.deleted=0
2023-11-07 00:13:03.410 DEBUG 13256 --- [    Test worker] org.hibernate.SQL                        : 
    update
        comment 
    set
        deleted=?,
        updated_date=?,
        comment_content=?,
        comment_user_id=?,
        comment_vote_id=? 
    where
        comment_id=?
]]></system-out>
  <system-err><![CDATA[]]></system-err>
</testsuite>
