<?xml version="1.0" encoding="UTF-8"?>
<testsuite name="유저는 이메일을 변경하는데 성공한다." tests="1" skipped="0" failures="0" errors="0" timestamp="2023-11-06T15:13:02" hostname="DESKTOP-3GO7G9K" time="0.008">
  <properties/>
  <testcase name="유저는 이메일을 변경하는데 성공한다." classname="com.kakao.golajuma.auth.domain.service.UpdateUserEmailServiceTest$update_user_email_success_case" time="0.008"/>
  <system-out><![CDATA[]]></system-out>
  <system-err><![CDATA[]]></system-err>
</testsuite>
