<?xml version="1.0" encoding="UTF-8"?>
<testsuite name="com.kakao.golajuma.auth.domain.token.TokenProviderTest" tests="2" skipped="0" failures="0" errors="0" timestamp="2023-11-06T15:13:02" hostname="DESKTOP-3GO7G9K" time="0.013">
  <properties/>
  <testcase name="리프레시 토큰을 생성한다." classname="com.kakao.golajuma.auth.domain.token.TokenProviderTest" time="0.011"/>
  <testcase name="엑세스 토큰을 생성한다." classname="com.kakao.golajuma.auth.domain.token.TokenProviderTest" time="0.002"/>
  <system-out><![CDATA[]]></system-out>
  <system-err><![CDATA[]]></system-err>
</testsuite>
