<?xml version="1.0" encoding="UTF-8"?>
<testsuite name="com.kakao.golajuma.GoalajumaApplicationTests" tests="1" skipped="0" failures="0" errors="0" timestamp="2023-11-06T15:12:59" hostname="DESKTOP-3GO7G9K" time="0.182">
  <properties/>
  <testcase name="contextLoads()" classname="com.kakao.golajuma.GoalajumaApplicationTests" time="0.182"/>
  <system-out><![CDATA[00:12:50.986 [Test worker] DEBUG org.springframework.test.context.BootstrapUtils - Instantiating CacheAwareContextLoaderDelegate from class [org.springframework.test.context.cache.DefaultCacheAwareContextLoaderDelegate]
00:12:51.001 [Test worker] DEBUG org.springframework.test.context.BootstrapUtils - Instantiating BootstrapContext using constructor [public org.springframework.test.context.support.DefaultBootstrapContext(java.lang.Class,org.springframework.test.context.CacheAwareContextLoaderDelegate)]
00:12:51.040 [Test worker] DEBUG org.springframework.test.context.BootstrapUtils - Instantiating TestContextBootstrapper for test class [com.kakao.golajuma.GoalajumaApplicationTests] from class [org.springframework.boot.test.context.SpringBootTestContextBootstrapper]
00:12:51.055 [Test worker] INFO org.springframework.boot.test.context.SpringBootTestContextBootstrapper - Neither @ContextConfiguration nor @ContextHierarchy found for test class [com.kakao.golajuma.GoalajumaApplicationTests], using SpringBootContextLoader
00:12:51.061 [Test worker] DEBUG org.springframework.test.context.support.AbstractContextLoader - Did not detect default resource location for test class [com.kakao.golajuma.GoalajumaApplicationTests]: class path resource [com/kakao/golajuma/GoalajumaApplicationTests-context.xml] does not exist
00:12:51.062 [Test worker] DEBUG org.springframework.test.context.support.AbstractContextLoader - Did not detect default resource location for test class [com.kakao.golajuma.GoalajumaApplicationTests]: class path resource [com/kakao/golajuma/GoalajumaApplicationTestsContext.groovy] does not exist
00:12:51.063 [Test worker] INFO org.springframework.test.context.support.AbstractContextLoader - Could not detect default resource locations for test class [com.kakao.golajuma.GoalajumaApplicationTests]: no resource found for suffixes {-context.xml, Context.groovy}.
00:12:51.064 [Test worker] INFO org.springframework.test.context.support.AnnotationConfigContextLoaderUtils - Could not detect default configuration classes for test class [com.kakao.golajuma.GoalajumaApplicationTests]: GoalajumaApplicationTests does not declare any static, non-private, non-final, nested classes annotated with @Configuration.
00:12:51.121 [Test worker] DEBUG org.springframework.test.context.support.ActiveProfilesUtils - Could not find an 'annotation declaring class' for annotation type [org.springframework.test.context.ActiveProfiles] and class [com.kakao.golajuma.GoalajumaApplicationTests]
00:12:51.186 [Test worker] DEBUG org.springframework.context.annotation.ClassPathScanningCandidateComponentProvider - Identified candidate component class: file [C:\Users\WOOO_SEOK\Desktop\projectfolder\kakao\main\build\classes\java\main\com\kakao\golajuma\GolajumaApplication.class]
00:12:51.187 [Test worker] INFO org.springframework.boot.test.context.SpringBootTestContextBootstrapper - Found @SpringBootConfiguration com.kakao.golajuma.GolajumaApplication for test class com.kakao.golajuma.GoalajumaApplicationTests
00:12:51.332 [Test worker] DEBUG org.springframework.boot.test.context.SpringBootTestContextBootstrapper - @TestExecutionListeners is not present for class [com.kakao.golajuma.GoalajumaApplicationTests]: using defaults.
00:12:51.333 [Test worker] INFO org.springframework.boot.test.context.SpringBootTestContextBootstrapper - Loaded default TestExecutionListener class names from location [META-INF/spring.factories]: [org.springframework.boot.test.autoconfigure.restdocs.RestDocsTestExecutionListener, org.springframework.boot.test.autoconfigure.web.client.MockRestServiceServerResetTestExecutionListener, org.springframework.boot.test.autoconfigure.web.servlet.MockMvcPrintOnlyOnFailureTestExecutionListener, org.springframework.boot.test.autoconfigure.web.servlet.WebDriverTestExecutionListener, org.springframework.boot.test.autoconfigure.webservices.client.MockWebServiceServerTestExecutionListener, org.springframework.boot.test.mock.mockito.MockitoTestExecutionListener, org.springframework.boot.test.mock.mockito.ResetMocksTestExecutionListener, org.springframework.test.context.web.ServletTestExecutionListener, org.springframework.test.context.support.DirtiesContextBeforeModesTestExecutionListener, org.springframework.test.context.event.ApplicationEventsTestExecutionListener, org.springframework.test.context.support.DependencyInjectionTestExecutionListener, org.springframework.test.context.support.DirtiesContextTestExecutionListener, org.springframework.test.context.transaction.TransactionalTestExecutionListener, org.springframework.test.context.jdbc.SqlScriptsTestExecutionListener, org.springframework.test.context.event.EventPublishingTestExecutionListener]
00:12:51.356 [Test worker] INFO org.springframework.boot.test.context.SpringBootTestContextBootstrapper - Using TestExecutionListeners: [org.springframework.test.context.web.ServletTestExecutionListener@5c09d180, org.springframework.test.context.support.DirtiesContextBeforeModesTestExecutionListener@23aae55, org.springframework.test.context.event.ApplicationEventsTestExecutionListener@5f574cc2, org.springframework.boot.test.mock.mockito.MockitoTestExecutionListener@680bddf5, org.springframework.boot.test.autoconfigure.SpringBootDependencyInjectionTestExecutionListener@7a9c84a5, org.springframework.test.context.support.DirtiesContextTestExecutionListener@2d83c5a5, org.springframework.test.context.transaction.TransactionalTestExecutionListener@48d7ad8b, org.springframework.test.context.jdbc.SqlScriptsTestExecutionListener@7e053511, org.springframework.test.context.event.EventPublishingTestExecutionListener@60222fd8, org.springframework.boot.test.autoconfigure.restdocs.RestDocsTestExecutionListener@53bf7094, org.springframework.boot.test.autoconfigure.web.client.MockRestServiceServerResetTestExecutionListener@26f1249d, org.springframework.boot.test.autoconfigure.web.servlet.MockMvcPrintOnlyOnFailureTestExecutionListener@710b30ef, org.springframework.boot.test.autoconfigure.web.servlet.WebDriverTestExecutionListener@a68df9, org.springframework.boot.test.autoconfigure.webservices.client.MockWebServiceServerTestExecutionListener@28b576a9, org.springframework.boot.test.mock.mockito.ResetMocksTestExecutionListener@7cf7aee]
00:12:51.363 [Test worker] DEBUG org.springframework.test.context.support.AbstractDirtiesContextTestExecutionListener - Before test class: context [DefaultTestContext@68ace111 testClass = GoalajumaApplicationTests, testInstance = [null], testMethod = [null], testException = [null], mergedContextConfiguration = [WebMergedContextConfiguration@1f9d6c7b testClass = GoalajumaApplicationTests, locations = '{}', classes = '{class com.kakao.golajuma.GolajumaApplication}', contextInitializerClasses = '[]', activeProfiles = '{}', propertySourceLocations = '{}', propertySourceProperties = '{org.springframework.boot.test.context.SpringBootTestContextBootstrapper=true}', contextCustomizers = set[org.springframework.boot.test.autoconfigure.actuate.metrics.MetricsExportContextCustomizerFactory$DisableMetricExportContextCustomizer@4ae33a11, org.springframework.boot.test.autoconfigure.properties.PropertyMappingContextCustomizer@0, org.springframework.boot.test.autoconfigure.web.servlet.WebDriverContextCustomizerFactory$Customizer@45be7cd5, org.springframework.boot.test.context.filter.ExcludeFilterContextCustomizer@6d366c9b, org.springframework.boot.test.json.DuplicateJsonObjectContextCustomizerFactory$DuplicateJsonObjectContextCustomizer@7813cb11, org.springframework.boot.test.mock.mockito.MockitoContextCustomizer@0, org.springframework.boot.test.web.client.TestRestTemplateContextCustomizer@43b4fe19, org.springframework.boot.test.context.SpringBootTestArgs@1, org.springframework.boot.test.context.SpringBootTestWebEnvironment@7ba8c737], resourceBasePath = 'src/main/webapp', contextLoader = 'org.springframework.boot.test.context.SpringBootContextLoader', parent = [null]], attributes = map['org.springframework.test.context.web.ServletTestExecutionListener.activateListener' -> true]], class annotated with @DirtiesContext [false] with mode [null].

  .   ____          _            __ _ _
 /\\ / ___'_ __ _ _(_)_ __  __ _ \ \ \ \
( ( )\___ | '_ | '_| | '_ \/ _` | \ \ \ \
 \\/  ___)| |_)| | | | | || (_| |  ) ) ) )
  '  |____| .__|_| |_|_| |_\__, | / / / /
 =========|_|==============|___/=/_/_/_/
 :: Spring Boot ::                (v2.7.5)

2023-11-07 00:12:51.986  INFO 13256 --- [    Test worker] c.k.golajuma.GoalajumaApplicationTests   : Starting GoalajumaApplicationTests using Java 11.0.16 on DESKTOP-3GO7G9K with PID 13256 (started by WOOO_SEOK in C:\Users\WOOO_SEOK\Desktop\projectfolder\kakao\main)
2023-11-07 00:12:51.987  INFO 13256 --- [    Test worker] c.k.golajuma.GoalajumaApplicationTests   : The following 3 profiles are active: "local", "local-mysql", "local-token"
2023-11-07 00:12:53.073  INFO 13256 --- [    Test worker] .s.d.r.c.RepositoryConfigurationDelegate : Bootstrapping Spring Data JPA repositories in DEFAULT mode.
2023-11-07 00:12:53.299  INFO 13256 --- [    Test worker] .s.d.r.c.RepositoryConfigurationDelegate : Finished Spring Data repository scanning in 216 ms. Found 7 JPA repository interfaces.
2023-11-07 00:12:54.187  INFO 13256 --- [    Test worker] o.hibernate.jpa.internal.util.LogHelper  : HHH000204: Processing PersistenceUnitInfo [name: default]
2023-11-07 00:12:54.291  INFO 13256 --- [    Test worker] org.hibernate.Version                    : HHH000412: Hibernate ORM core version 5.6.12.Final
2023-11-07 00:12:54.592  INFO 13256 --- [    Test worker] o.hibernate.annotations.common.Version   : HCANN000001: Hibernate Commons Annotations {5.1.2.Final}
2023-11-07 00:12:54.806  INFO 13256 --- [    Test worker] com.zaxxer.hikari.HikariDataSource       : HikariPool-1 - Starting...
2023-11-07 00:12:55.333  INFO 13256 --- [    Test worker] com.zaxxer.hikari.HikariDataSource       : HikariPool-1 - Start completed.
2023-11-07 00:12:55.422  INFO 13256 --- [    Test worker] org.hibernate.dialect.Dialect            : HHH000400: Using dialect: org.hibernate.dialect.MySQL8Dialect
2023-11-07 00:12:56.886  INFO 13256 --- [    Test worker] o.h.e.t.j.p.i.JtaPlatformInitiator       : HHH000490: Using JtaPlatform implementation: [org.hibernate.engine.transaction.jta.platform.internal.NoJtaPlatform]
2023-11-07 00:12:56.901  INFO 13256 --- [    Test worker] j.LocalContainerEntityManagerFactoryBean : Initialized JPA EntityManagerFactory for persistence unit 'default'
2023-11-07 00:12:58.808  WARN 13256 --- [    Test worker] JpaBaseConfiguration$JpaWebConfiguration : spring.jpa.open-in-view is enabled by default. Therefore, database queries may be performed during view rendering. Explicitly configure spring.jpa.open-in-view to disable this warning
2023-11-07 00:12:59.804  INFO 13256 --- [    Test worker] c.k.golajuma.GoalajumaApplicationTests   : Started GoalajumaApplicationTests in 8.391 seconds (JVM running for 10.752)
]]></system-out>
  <system-err><![CDATA[]]></system-err>
</testsuite>
