<?xml version="1.0" encoding="UTF-8"?>
<testsuite name="유저는 새로운 댓글을 저장하는데 실패한다." tests="1" skipped="0" failures="0" errors="0" timestamp="2023-11-06T15:13:05" hostname="DESKTOP-3GO7G9K" time="0.001">
  <properties/>
  <testcase name="유저 데이터가 존재하지 않기 때문에 실패한다." classname="com.kakao.golajuma.comment.service.CreateCommentServiceTest$create_comment_fail_case" time="0.001"/>
  <system-out><![CDATA[]]></system-out>
  <system-err><![CDATA[]]></system-err>
</testsuite>
