<?xml version="1.0" encoding="UTF-8"?>
<testsuite name="com.kakao.golajuma.auth.domain.service.SaveUserServiceTest" tests="3" skipped="0" failures="0" errors="0" timestamp="2023-11-06T15:13:02" hostname="DESKTOP-3GO7G9K" time="0.04">
  <properties/>
  <testcase name="회원가입 시 repository에게 save 메시지를 전달한다." classname="com.kakao.golajuma.auth.domain.service.SaveUserServiceTest" time="0.036"/>
  <testcase name="회원가입 시 이메일 중복체크를 한다." classname="com.kakao.golajuma.auth.domain.service.SaveUserServiceTest" time="0.001"/>
  <testcase name="회원가입 시 닉네임 중복체크를 한다." classname="com.kakao.golajuma.auth.domain.service.SaveUserServiceTest" time="0.002"/>
  <system-out><![CDATA[]]></system-out>
  <system-err><![CDATA[]]></system-err>
</testsuite>
