<?xml version="1.0" encoding="UTF-8"?>
<testsuite name="com.kakao.golajuma.auth.api.ReadUserProfileControllerTest" tests="1" skipped="0" failures="0" errors="0" timestamp="2023-11-06T15:13:02" hostname="DESKTOP-3GO7G9K" time="0.402">
  <properties/>
  <testcase name="유저 프로필 불러오기 성공" classname="com.kakao.golajuma.auth.api.ReadUserProfileControllerTest" time="0.402"/>
  <system-out><![CDATA[2023-11-07 00:13:00.027  INFO 13256 --- [    Test worker] .b.t.c.SpringBootTestContextBootstrapper : Neither @ContextConfiguration nor @ContextHierarchy found for test class [com.kakao.golajuma.auth.api.ReadUserProfileControllerTest], using SpringBootContextLoader
2023-11-07 00:13:00.028  INFO 13256 --- [    Test worker] o.s.t.c.support.AbstractContextLoader    : Could not detect default resource locations for test class [com.kakao.golajuma.auth.api.ReadUserProfileControllerTest]: no resource found for suffixes {-context.xml, Context.groovy}.
2023-11-07 00:13:00.029  INFO 13256 --- [    Test worker] t.c.s.AnnotationConfigContextLoaderUtils : Could not detect default configuration classes for test class [com.kakao.golajuma.auth.api.ReadUserProfileControllerTest]: ReadUserProfileControllerTest does not declare any static, non-private, non-final, nested classes annotated with @Configuration.
2023-11-07 00:13:00.047  INFO 13256 --- [    Test worker] .b.t.c.SpringBootTestContextBootstrapper : Found @SpringBootConfiguration com.kakao.golajuma.GolajumaApplication for test class com.kakao.golajuma.auth.api.ReadUserProfileControllerTest
2023-11-07 00:13:00.050  INFO 13256 --- [    Test worker] .b.t.c.SpringBootTestContextBootstrapper : Loaded default TestExecutionListener class names from location [META-INF/spring.factories]: [org.springframework.boot.test.autoconfigure.restdocs.RestDocsTestExecutionListener, org.springframework.boot.test.autoconfigure.web.client.MockRestServiceServerResetTestExecutionListener, org.springframework.boot.test.autoconfigure.web.servlet.MockMvcPrintOnlyOnFailureTestExecutionListener, org.springframework.boot.test.autoconfigure.web.servlet.WebDriverTestExecutionListener, org.springframework.boot.test.autoconfigure.webservices.client.MockWebServiceServerTestExecutionListener, org.springframework.boot.test.mock.mockito.MockitoTestExecutionListener, org.springframework.boot.test.mock.mockito.ResetMocksTestExecutionListener, org.springframework.test.context.web.ServletTestExecutionListener, org.springframework.test.context.support.DirtiesContextBeforeModesTestExecutionListener, org.springframework.test.context.event.ApplicationEventsTestExecutionListener, org.springframework.test.context.support.DependencyInjectionTestExecutionListener, org.springframework.test.context.support.DirtiesContextTestExecutionListener, org.springframework.test.context.transaction.TransactionalTestExecutionListener, org.springframework.test.context.jdbc.SqlScriptsTestExecutionListener, org.springframework.test.context.event.EventPublishingTestExecutionListener]
2023-11-07 00:13:00.050  INFO 13256 --- [    Test worker] .b.t.c.SpringBootTestContextBootstrapper : Using TestExecutionListeners: [org.springframework.test.context.web.ServletTestExecutionListener@17a89cb1, org.springframework.test.context.support.DirtiesContextBeforeModesTestExecutionListener@68fec965, org.springframework.test.context.event.ApplicationEventsTestExecutionListener@7af5ce66, org.springframework.boot.test.mock.mockito.MockitoTestExecutionListener@3f2bf80d, org.springframework.boot.test.autoconfigure.SpringBootDependencyInjectionTestExecutionListener@6cb5a64d, org.springframework.test.context.support.DirtiesContextTestExecutionListener@729eef5f, org.springframework.test.context.transaction.TransactionalTestExecutionListener@264c9994, org.springframework.test.context.jdbc.SqlScriptsTestExecutionListener@46c7e6c0, org.springframework.test.context.event.EventPublishingTestExecutionListener@701a79b, org.springframework.boot.test.autoconfigure.restdocs.RestDocsTestExecutionListener@2605433, org.springframework.boot.test.autoconfigure.web.client.MockRestServiceServerResetTestExecutionListener@40a2fdd2, org.springframework.boot.test.autoconfigure.web.servlet.MockMvcPrintOnlyOnFailureTestExecutionListener@392af2e0, org.springframework.boot.test.autoconfigure.web.servlet.WebDriverTestExecutionListener@331da721, org.springframework.boot.test.autoconfigure.webservices.client.MockWebServiceServerTestExecutionListener@335cbcbd, org.springframework.boot.test.mock.mockito.ResetMocksTestExecutionListener@64c79b69]

  .   ____          _            __ _ _
 /\\ / ___'_ __ _ _(_)_ __  __ _ \ \ \ \
( ( )\___ | '_ | '_| | '_ \/ _` | \ \ \ \
 \\/  ___)| |_)| | | | | || (_| |  ) ) ) )
  '  |____| .__|_| |_|_| |_\__, | / / / /
 =========|_|==============|___/=/_/_/_/
 :: Spring Boot ::                (v2.7.5)

2023-11-07 00:13:00.119  INFO 13256 --- [    Test worker] c.k.g.a.a.ReadUserProfileControllerTest  : Starting ReadUserProfileControllerTest using Java 11.0.16 on DESKTOP-3GO7G9K with PID 13256 (started by WOOO_SEOK in C:\Users\WOOO_SEOK\Desktop\projectfolder\kakao\main)
2023-11-07 00:13:00.120  INFO 13256 --- [    Test worker] c.k.g.a.a.ReadUserProfileControllerTest  : The following 3 profiles are active: "local", "local-mysql", "local-token"
2023-11-07 00:13:00.543  INFO 13256 --- [    Test worker] .s.d.r.c.RepositoryConfigurationDelegate : Bootstrapping Spring Data JPA repositories in DEFAULT mode.
2023-11-07 00:13:00.724  INFO 13256 --- [    Test worker] .s.d.r.c.RepositoryConfigurationDelegate : Finished Spring Data repository scanning in 180 ms. Found 7 JPA repository interfaces.
2023-11-07 00:13:00.998  INFO 13256 --- [    Test worker] o.hibernate.jpa.internal.util.LogHelper  : HHH000204: Processing PersistenceUnitInfo [name: default]
2023-11-07 00:13:01.014  INFO 13256 --- [    Test worker] com.zaxxer.hikari.HikariDataSource       : HikariPool-2 - Starting...
2023-11-07 00:13:01.033  INFO 13256 --- [    Test worker] com.zaxxer.hikari.HikariDataSource       : HikariPool-2 - Start completed.
2023-11-07 00:13:01.034  INFO 13256 --- [    Test worker] org.hibernate.dialect.Dialect            : HHH000400: Using dialect: org.hibernate.dialect.MySQL8Dialect
2023-11-07 00:13:01.164  INFO 13256 --- [    Test worker] o.h.e.t.j.p.i.JtaPlatformInitiator       : HHH000490: Using JtaPlatform implementation: [org.hibernate.engine.transaction.jta.platform.internal.NoJtaPlatform]
2023-11-07 00:13:01.165  INFO 13256 --- [    Test worker] j.LocalContainerEntityManagerFactoryBean : Initialized JPA EntityManagerFactory for persistence unit 'default'
2023-11-07 00:13:01.702  WARN 13256 --- [    Test worker] JpaBaseConfiguration$JpaWebConfiguration : spring.jpa.open-in-view is enabled by default. Therefore, database queries may be performed during view rendering. Explicitly configure spring.jpa.open-in-view to disable this warning
2023-11-07 00:13:02.186  INFO 13256 --- [    Test worker] o.s.b.t.m.w.SpringBootMockServletContext : Initializing Spring TestDispatcherServlet ''
2023-11-07 00:13:02.186  INFO 13256 --- [    Test worker] o.s.t.web.servlet.TestDispatcherServlet  : Initializing Servlet ''
2023-11-07 00:13:02.187  INFO 13256 --- [    Test worker] o.s.t.web.servlet.TestDispatcherServlet  : Completed initialization in 1 ms
2023-11-07 00:13:02.193  INFO 13256 --- [    Test worker] c.k.g.a.a.ReadUserProfileControllerTest  : Started ReadUserProfileControllerTest in 2.141 seconds (JVM running for 13.142)
2023-11-07 00:13:02.410 DEBUG 13256 --- [    Test worker] org.hibernate.SQL                        : 
    select
        userentity0_.user_id as user_id1_3_0_,
        userentity0_.created_date as created_2_3_0_,
        userentity0_.deleted as deleted3_3_0_,
        userentity0_.updated_date as updated_4_3_0_,
        userentity0_.user_email as user_ema5_3_0_,
        userentity0_.user_nickname as user_nic6_3_0_,
        userentity0_.user_password as user_pas7_3_0_ 
    from
        user userentity0_ 
    where
        userentity0_.user_id=?
2023-11-07 00:13:02.461 DEBUG 13256 --- [    Test worker] org.hibernate.SQL                        : 
    select
        voteentity0_.vote_id as vote_id1_4_,
        voteentity0_.created_date as created_2_4_,
        voteentity0_.deleted as deleted3_4_,
        voteentity0_.updated_date as updated_4_4_,
        voteentity0_.vote_category as vote_cat5_4_,
        voteentity0_.user_id as user_id6_4_,
        voteentity0_.vote_content as vote_con7_4_,
        voteentity0_.vote_end_date as vote_end8_4_,
        voteentity0_.vote_title as vote_tit9_4_,
        voteentity0_.vote_total_count as vote_to10_4_,
        voteentity0_.vote_type as vote_ty11_4_ 
    from
        vote voteentity0_ 
    where
        voteentity0_.deleted=0 
        and voteentity0_.user_id=? 
    order by
        voteentity0_.created_date desc
2023-11-07 00:13:02.473 DEBUG 13256 --- [    Test worker] org.hibernate.SQL                        : 
    select
        voteentity0_.vote_id as vote_id1_4_,
        voteentity0_.created_date as created_2_4_,
        voteentity0_.deleted as deleted3_4_,
        voteentity0_.updated_date as updated_4_4_,
        voteentity0_.vote_category as vote_cat5_4_,
        voteentity0_.user_id as user_id6_4_,
        voteentity0_.vote_content as vote_con7_4_,
        voteentity0_.vote_end_date as vote_end8_4_,
        voteentity0_.vote_title as vote_tit9_4_,
        voteentity0_.vote_total_count as vote_to10_4_,
        voteentity0_.vote_type as vote_ty11_4_ 
    from
        vote voteentity0_ 
    inner join
        decision decisionen1_ 
            on (
                decisionen1_.decision_user_id=?
            ) 
    inner join
        vote_option optionenti2_ 
            on (
                optionenti2_.option_id=decisionen1_.decision_option_id 
                and optionenti2_.option_vote_id=voteentity0_.vote_id
            )
]]></system-out>
  <system-err><![CDATA[]]></system-err>
</testsuite>
