<?xml version="1.0" encoding="UTF-8"?>
<testsuite name="com.kakao.golajuma.comment.service.UpdateCommentServiceTest" tests="1" skipped="0" failures="0" errors="0" timestamp="2023-11-06T15:13:05" hostname="DESKTOP-3GO7G9K" time="0.002">
  <properties/>
  <testcase name="유저가 댓글을 업데이트를 하는데 성공한다." classname="com.kakao.golajuma.comment.service.UpdateCommentServiceTest" time="0.002"/>
  <system-out><![CDATA[]]></system-out>
  <system-err><![CDATA[]]></system-err>
</testsuite>
