<?xml version="1.0" encoding="UTF-8"?>
<testsuite name="com.kakao.golajuma.vote.domain.service.CloseVoteServiceTest" tests="1" skipped="0" failures="0" errors="0" timestamp="2023-11-06T15:13:06" hostname="DESKTOP-3GO7G9K" time="0.001">
  <properties/>
  <testcase name="존재 하지 않는 투표에 대한 마감 실패" classname="com.kakao.golajuma.vote.domain.service.CloseVoteServiceTest" time="0.001"/>
  <system-out><![CDATA[]]></system-out>
  <system-err><![CDATA[]]></system-err>
</testsuite>
