<?xml version="1.0" encoding="UTF-8"?>
<testsuite name="com.kakao.golajuma.comment.api.GetCommentListApiTest" tests="1" skipped="0" failures="0" errors="0" timestamp="2023-11-06T15:13:03" hostname="DESKTOP-3GO7G9K" time="0.039">
  <properties/>
  <testcase name="유저는 투표에 따른 댓글 리스트를 확인할 수 있다." classname="com.kakao.golajuma.comment.api.GetCommentListApiTest" time="0.039"/>
  <system-out><![CDATA[2023-11-07 00:13:03.526  INFO 13256 --- [    Test worker] .b.t.c.SpringBootTestContextBootstrapper : Neither @ContextConfiguration nor @ContextHierarchy found for test class [com.kakao.golajuma.comment.api.GetCommentListApiTest], using SpringBootContextLoader
2023-11-07 00:13:03.527  INFO 13256 --- [    Test worker] o.s.t.c.support.AbstractContextLoader    : Could not detect default resource locations for test class [com.kakao.golajuma.comment.api.GetCommentListApiTest]: no resource found for suffixes {-context.xml, Context.groovy}.
2023-11-07 00:13:03.528  INFO 13256 --- [    Test worker] t.c.s.AnnotationConfigContextLoaderUtils : Could not detect default configuration classes for test class [com.kakao.golajuma.comment.api.GetCommentListApiTest]: GetCommentListApiTest does not declare any static, non-private, non-final, nested classes annotated with @Configuration.
2023-11-07 00:13:03.532  INFO 13256 --- [    Test worker] .b.t.c.SpringBootTestContextBootstrapper : Found @SpringBootConfiguration com.kakao.golajuma.GolajumaApplication for test class com.kakao.golajuma.comment.api.GetCommentListApiTest
2023-11-07 00:13:03.535  INFO 13256 --- [    Test worker] .b.t.c.SpringBootTestContextBootstrapper : Loaded default TestExecutionListener class names from location [META-INF/spring.factories]: [org.springframework.boot.test.autoconfigure.restdocs.RestDocsTestExecutionListener, org.springframework.boot.test.autoconfigure.web.client.MockRestServiceServerResetTestExecutionListener, org.springframework.boot.test.autoconfigure.web.servlet.MockMvcPrintOnlyOnFailureTestExecutionListener, org.springframework.boot.test.autoconfigure.web.servlet.WebDriverTestExecutionListener, org.springframework.boot.test.autoconfigure.webservices.client.MockWebServiceServerTestExecutionListener, org.springframework.boot.test.mock.mockito.MockitoTestExecutionListener, org.springframework.boot.test.mock.mockito.ResetMocksTestExecutionListener, org.springframework.test.context.web.ServletTestExecutionListener, org.springframework.test.context.support.DirtiesContextBeforeModesTestExecutionListener, org.springframework.test.context.event.ApplicationEventsTestExecutionListener, org.springframework.test.context.support.DependencyInjectionTestExecutionListener, org.springframework.test.context.support.DirtiesContextTestExecutionListener, org.springframework.test.context.transaction.TransactionalTestExecutionListener, org.springframework.test.context.jdbc.SqlScriptsTestExecutionListener, org.springframework.test.context.event.EventPublishingTestExecutionListener]
2023-11-07 00:13:03.535  INFO 13256 --- [    Test worker] .b.t.c.SpringBootTestContextBootstrapper : Using TestExecutionListeners: [org.springframework.test.context.web.ServletTestExecutionListener@2e3fa7a7, org.springframework.test.context.support.DirtiesContextBeforeModesTestExecutionListener@1a5478e8, org.springframework.test.context.event.ApplicationEventsTestExecutionListener@7953a656, org.springframework.boot.test.mock.mockito.MockitoTestExecutionListener@60f6c148, org.springframework.boot.test.autoconfigure.SpringBootDependencyInjectionTestExecutionListener@3327406e, org.springframework.test.context.support.DirtiesContextTestExecutionListener@a8dedda, org.springframework.test.context.transaction.TransactionalTestExecutionListener@6e089bcb, org.springframework.test.context.jdbc.SqlScriptsTestExecutionListener@38a2fbc3, org.springframework.test.context.event.EventPublishingTestExecutionListener@318ff889, org.springframework.boot.test.autoconfigure.restdocs.RestDocsTestExecutionListener@5409305f, org.springframework.boot.test.autoconfigure.web.client.MockRestServiceServerResetTestExecutionListener@7e753fd6, org.springframework.boot.test.autoconfigure.web.servlet.MockMvcPrintOnlyOnFailureTestExecutionListener@51a6af38, org.springframework.boot.test.autoconfigure.web.servlet.WebDriverTestExecutionListener@1f234e35, org.springframework.boot.test.autoconfigure.webservices.client.MockWebServiceServerTestExecutionListener@2350e46, org.springframework.boot.test.mock.mockito.ResetMocksTestExecutionListener@55691a59]
2023-11-07 00:13:03.554 DEBUG 13256 --- [    Test worker] org.hibernate.SQL                        : 
    select
        commentent0_.comment_id as comment_1_1_,
        commentent0_.created_date as created_2_1_,
        commentent0_.deleted as deleted3_1_,
        commentent0_.updated_date as updated_4_1_,
        commentent0_.comment_content as comment_5_1_,
        commentent0_.comment_user_id as comment_6_1_,
        commentent0_.comment_vote_id as comment_7_1_ 
    from
        comment commentent0_ 
    where
        commentent0_.comment_vote_id=? 
        and commentent0_.deleted=0
2023-11-07 00:13:03.559 DEBUG 13256 --- [    Test worker] org.hibernate.SQL                        : 
    select
        userentity0_.user_id as user_id1_3_0_,
        userentity0_.created_date as created_2_3_0_,
        userentity0_.deleted as deleted3_3_0_,
        userentity0_.updated_date as updated_4_3_0_,
        userentity0_.user_email as user_ema5_3_0_,
        userentity0_.user_nickname as user_nic6_3_0_,
        userentity0_.user_password as user_pas7_3_0_ 
    from
        user userentity0_ 
    where
        userentity0_.user_id=?
]]></system-out>
  <system-err><![CDATA[]]></system-err>
</testsuite>
